<?xml version="1.0" encoding="UTF-8"?>
<!-- Generated by org.testng.reporters.JUnitReportReporter -->
<testsuite hostname="DESKTOP-PRFL5GG" name="payrollsettings.tests.VerifyEmployerPayees" tests="2" failures="0" timestamp="14 Jan 2020 07:40:08 GMT" time="19.012" errors="0">
  <testcase name="verifytoLaunchEmployerPayees" time="2.313" classname="payrollsettings.tests.VerifyEmployerPayees"/>
  <testcase name="verifyEmployerpayeesImport" time="16.699" classname="payrollsettings.tests.VerifyEmployerPayees"/>
</testsuite> <!-- payrollsettings.tests.VerifyEmployerPayees -->
