<?xml version="1.0" encoding="UTF-8"?>
<!-- Generated by org.testng.reporters.JUnitReportReporter -->
<testsuite hostname="DESKTOP-PRFL5GG" name="payrollsettings.tests.VerifyLedgerAccounts" tests="1" failures="0" timestamp="8 Jan 2020 09:39:37 GMT" time="39.611" errors="0">
  <testcase name="ledgerAccountCompare" time="39.611" classname="payrollsettings.tests.VerifyLedgerAccounts"/>
</testsuite> <!-- payrollsettings.tests.VerifyLedgerAccounts -->
