<?xml version="1.0" encoding="UTF-8"?>
<!-- Generated by org.testng.reporters.JUnitReportReporter -->
<testsuite hostname="DESKTOP-PRFL5GG" name="payrollscreens.tests.VerifyEnterHours" tests="1" failures="0" timestamp="9 Jan 2020 05:33:08 GMT" time="3.490" errors="0">
  <testcase name="verifyEnterHoursImport" time="3.490" classname="payrollscreens.tests.VerifyEnterHours"/>
</testsuite> <!-- payrollscreens.tests.VerifyEnterHours -->
