<?xml version="1.0" encoding="UTF-8"?>
<!-- Generated by org.testng.reporters.JUnitReportReporter -->
<testsuite hostname="DESKTOP-PRFL5GG" name="companyinfo.dashboard.tests.VerifyDepartmentsAndJobs" tests="1" failures="0" timestamp="30 Dec 2019 05:35:25 GMT" time="660.041" errors="0">
  <testcase name="VerifyToDeleteDept" time="660.041" classname="companyinfo.dashboard.tests.VerifyDepartmentsAndJobs"/>
</testsuite> <!-- companyinfo.dashboard.tests.VerifyDepartmentsAndJobs -->
