<?xml version="1.0" encoding="UTF-8"?>
<!-- Generated by org.testng.reporters.JUnitReportReporter -->
<testsuite hostname="DESKTOP-PRFL5GG" name="payrollscreens.tests.VerifyDistributeHours" tests="2" failures="0" timestamp="10 Jan 2020 10:23:35 GMT" time="50.081" errors="0">
  <testcase name="verifyDistributeHoursEdit" time="48.516" classname="payrollscreens.tests.VerifyDistributeHours"/>
  <testcase name="verifyDistributeHoursLaunch" time="1.565" classname="payrollscreens.tests.VerifyDistributeHours"/>
</testsuite> <!-- payrollscreens.tests.VerifyDistributeHours -->
