<?xml version="1.0" encoding="UTF-8"?>
<!-- Generated by org.testng.reporters.JUnitReportReporter -->
<testsuite hostname="DESKTOP-PRFL5GG" name="payrollsettings.tests.VerifyDeductions" tests="1" failures="0" timestamp="6 Jan 2020 13:23:48 GMT" time="118.184" errors="0">
  <testcase name="verifyPredefined" time="118.184" classname="payrollsettings.tests.VerifyDeductions"/>
</testsuite> <!-- payrollsettings.tests.VerifyDeductions -->
