<?xml version="1.0" encoding="UTF-8"?>
<!-- Generated by org.testng.reporters.JUnitReportReporter -->
<testsuite hostname="DESKTOP-PRFL5GG" name="payrollsettings.tests.VerifyLocalTaxesCustom" tests="1" failures="0" timestamp="10 Dec 2019 04:03:42 GMT" time="14.986" errors="0">
  <testcase name="VerifyToEditLocal" time="14.986" classname="payrollsettings.tests.VerifyLocalTaxesCustom"/>
</testsuite> <!-- payrollsettings.tests.VerifyLocalTaxesCustom -->
