<?xml version="1.0" encoding="UTF-8"?>
<!-- Generated by org.testng.reporters.JUnitReportReporter -->
<testsuite hostname="DESKTOP-PRFL5GG" name="payrollsettings.tests.VerifyDeductionsCustom" tests="1" failures="0" timestamp="27 Nov 2019 06:20:12 GMT" time="159.273" errors="0">
  <testcase name="verifyToDeleteDeductions" time="159.273" classname="payrollsettings.tests.VerifyDeductionsCustom"/>
</testsuite> <!-- payrollsettings.tests.VerifyDeductionsCustom -->
