<?xml version="1.0" encoding="UTF-8"?>
<!-- Generated by org.testng.reporters.JUnitReportReporter -->
<testsuite hostname="DESKTOP-PRFL5GG" name="payrollsettings.tests.VerifyAdditionalIncome" tests="1" failures="0" timestamp="6 Jan 2020 12:30:10 GMT" time="96.928" errors="0">
  <testcase name="verifyWithPredefinedValues" time="96.928" classname="payrollsettings.tests.VerifyAdditionalIncome"/>
</testsuite> <!-- payrollsettings.tests.VerifyAdditionalIncome -->
