<?xml version="1.0" encoding="UTF-8"?>
<!-- Generated by org.testng.reporters.JUnitReportReporter -->
<testsuite hostname="DESKTOP-PRFL5GG" name="payrollsettings.tests.VerifyLocalTaxes" tests="1" failures="0" timestamp="6 Jan 2020 04:08:47 GMT" time="30.350" errors="0">
  <testcase name="verifyLocalTableValues" time="30.350" classname="payrollsettings.tests.VerifyLocalTaxes"/>
</testsuite> <!-- payrollsettings.tests.VerifyLocalTaxes -->
