<?xml version="1.0" encoding="UTF-8"?>
<!-- Generated by org.testng.reporters.JUnitReportReporter -->
<testsuite hostname="DESKTOP-PRFL5GG" name="signin.test.VerifySignInPage" tests="1" failures="0" timestamp="14 Jan 2020 07:40:08 GMT" time="0.017" errors="0">
  <testcase name="VerifySigninpage" time="0.017" classname="signin.test.VerifySignInPage"/>
</testsuite> <!-- signin.test.VerifySignInPage -->
