<?xml version="1.0" encoding="UTF-8"?>
<!-- Generated by org.testng.reporters.JUnitReportReporter -->
<testsuite hostname="DESKTOP-PRFL5GG" name="payrollsettings.tests.VerifyAdditionalIncomeCustom" tests="1" failures="0" timestamp="26 Nov 2019 10:41:08 GMT" time="224.470" errors="0">
  <testcase name="verifytToDeleteAdditionalIncome" time="224.470" classname="payrollsettings.tests.VerifyAdditionalIncomeCustom"/>
</testsuite> <!-- payrollsettings.tests.VerifyAdditionalIncomeCustom -->
